[0.010s] Invoking command in '/urdf/build/easy': CMAKE_PREFIX_PATH=${CMAKE_PREFIX_PATH}:/opt/ros/jazzy /usr/bin/cmake /urdf -DAMENT_CMAKE_SYMLINK_INSTALL=1 -DCMAKE_INSTALL_PREFIX=/urdf/install/easy
[0.055s] -- The C compiler identification is GNU 13.3.0
[0.103s] -- The CXX compiler identification is GNU 13.3.0
[0.120s] -- Detecting C compiler ABI info
[0.192s] -- Detecting C compiler ABI info - done
[0.199s] -- Check for working C compiler: /usr/bin/cc - skipped
[0.200s] -- Detecting C compile features
[0.200s] -- Detecting C compile features - done
[0.211s] -- Detecting CXX compiler ABI info
[0.296s] -- Detecting CXX compiler ABI info - done
[0.303s] -- Check for working CXX compiler: /usr/bin/c++ - skipped
[0.303s] -- Detecting CXX compile features
[0.304s] -- Detecting CXX compile features - done
[0.307s] -- Found ament_cmake: 2.5.5 (/opt/ros/jazzy/share/ament_cmake/cmake)
[0.412s] -- Found Python3: /usr/bin/python3 (found version "3.12.3") found components: Interpreter 
[0.476s] -- Override CMake install command with custom implementation using symlinks instead of copying resources
[0.590s] -- Configuring done (0.6s)
[0.593s] -- Generating done (0.0s)
[0.595s] -- Build files have been written to: /urdf/build/easy
[0.599s] Invoked command in '/urdf/build/easy' returned '0': CMAKE_PREFIX_PATH=${CMAKE_PREFIX_PATH}:/opt/ros/jazzy /usr/bin/cmake /urdf -DAMENT_CMAKE_SYMLINK_INSTALL=1 -DCMAKE_INSTALL_PREFIX=/urdf/install/easy
[0.599s] Invoking command in '/urdf/build/easy': CMAKE_PREFIX_PATH=${CMAKE_PREFIX_PATH}:/opt/ros/jazzy /usr/bin/cmake --build /urdf/build/easy -- -j8 -l8
[0.638s] Invoked command in '/urdf/build/easy' returned '0': CMAKE_PREFIX_PATH=${CMAKE_PREFIX_PATH}:/opt/ros/jazzy /usr/bin/cmake --build /urdf/build/easy -- -j8 -l8
[0.647s] Invoking command in '/urdf/build/easy': CMAKE_PREFIX_PATH=${CMAKE_PREFIX_PATH}:/opt/ros/jazzy /usr/bin/cmake --install /urdf/build/easy
[0.653s] -- Install configuration: ""
[0.653s] -- Execute custom install script
[0.654s] -- Up-to-date symlink: /urdf/install/easy/share/ament_index/resource_index/package_run_dependencies/easy
[0.654s] -- Up-to-date symlink: /urdf/install/easy/share/ament_index/resource_index/parent_prefix_path/easy
[0.654s] -- Up-to-date symlink: /urdf/install/easy/share/easy/environment/ament_prefix_path.sh
[0.654s] -- Up-to-date symlink: /urdf/install/easy/share/easy/environment/ament_prefix_path.dsv
[0.654s] -- Up-to-date symlink: /urdf/install/easy/share/easy/environment/path.sh
[0.654s] -- Up-to-date symlink: /urdf/install/easy/share/easy/environment/path.dsv
[0.654s] -- Up-to-date symlink: /urdf/install/easy/share/easy/local_setup.bash
[0.655s] -- Up-to-date symlink: /urdf/install/easy/share/easy/local_setup.sh
[0.655s] -- Up-to-date symlink: /urdf/install/easy/share/easy/local_setup.zsh
[0.655s] -- Up-to-date symlink: /urdf/install/easy/share/easy/local_setup.dsv
[0.655s] -- Symlinking: /urdf/install/easy/share/easy/package.dsv
[0.662s] -- Up-to-date symlink: /urdf/install/easy/share/ament_index/resource_index/packages/easy
[0.662s] -- Up-to-date symlink: /urdf/install/easy/share/easy/cmake/easyConfig.cmake
[0.663s] -- Up-to-date symlink: /urdf/install/easy/share/easy/cmake/easyConfig-version.cmake
[0.663s] -- Up-to-date symlink: /urdf/install/easy/share/easy/package.xml
[0.663s] -- Up-to-date symlink: /urdf/install/easy/share/easy/launch/.demo.launch.py.swp
[0.663s] -- Symlinking: /urdf/install/easy/share/easy/launch/__pycache__/demo.launch.cpython-312.pyc
[0.670s] -- Up-to-date symlink: /urdf/install/easy/share/easy/launch/__pycache__/move_group.launch.cpython-312.pyc
[0.670s] -- Up-to-date symlink: /urdf/install/easy/share/easy/launch/__pycache__/moveit_rviz.launch.cpython-312.pyc
[0.670s] -- Up-to-date symlink: /urdf/install/easy/share/easy/launch/__pycache__/rsp.launch.cpython-312.pyc
[0.670s] -- Up-to-date symlink: /urdf/install/easy/share/easy/launch/__pycache__/spawn_controllers.launch.cpython-312.pyc
[0.670s] -- Up-to-date symlink: /urdf/install/easy/share/easy/launch/__pycache__/static_virtual_joint_tfs.launch.cpython-312.pyc
[0.670s] -- Up-to-date symlink: /urdf/install/easy/share/easy/launch/__pycache__/warehouse_db.launch.cpython-312.pyc
[0.670s] -- Up-to-date symlink: /urdf/install/easy/share/easy/launch/demo.launch.py
[0.671s] -- Up-to-date symlink: /urdf/install/easy/share/easy/launch/demo.launch.py-old
[0.671s] -- Up-to-date symlink: /urdf/install/easy/share/easy/launch/move_group.launch.py
[0.671s] -- Up-to-date symlink: /urdf/install/easy/share/easy/launch/move_group.launch.py-jj
[0.671s] -- Up-to-date symlink: /urdf/install/easy/share/easy/launch/move_group.launch.py-old
[0.671s] -- Up-to-date symlink: /urdf/install/easy/share/easy/launch/moveit_rviz.launch.py
[0.671s] -- Up-to-date symlink: /urdf/install/easy/share/easy/launch/rsp.launch.py
[0.671s] -- Up-to-date symlink: /urdf/install/easy/share/easy/launch/setup_assistant.launch.py
[0.671s] -- Up-to-date symlink: /urdf/install/easy/share/easy/launch/spawn_controllers.launch.py
[0.671s] -- Up-to-date symlink: /urdf/install/easy/share/easy/launch/static_virtual_joint_tfs.launch.py
[0.671s] -- Up-to-date symlink: /urdf/install/easy/share/easy/launch/warehouse_db.launch.py
[0.671s] -- Up-to-date symlink: /urdf/install/easy/share/easy/config/ebamk2.ros2_control.xacro
[0.671s] -- Up-to-date symlink: /urdf/install/easy/share/easy/config/ebamk2.srdf
[0.671s] -- Up-to-date symlink: /urdf/install/easy/share/easy/config/ebamk2.urdf.xacro
[0.671s] -- Up-to-date symlink: /urdf/install/easy/share/easy/config/ebamk2_mesh.urdf
[0.671s] -- Up-to-date symlink: /urdf/install/easy/share/easy/config/initial_positions.yaml
[0.671s] -- Up-to-date symlink: /urdf/install/easy/share/easy/config/joint_limits.yaml
[0.671s] -- Up-to-date symlink: /urdf/install/easy/share/easy/config/kinematics.yaml
[0.671s] -- Up-to-date symlink: /urdf/install/easy/share/easy/config/moveit.rviz
[0.672s] -- Up-to-date symlink: /urdf/install/easy/share/easy/config/moveit_controllers.yaml
[0.672s] -- Up-to-date symlink: /urdf/install/easy/share/easy/config/ompl_planning.yaml
[0.672s] -- Up-to-date symlink: /urdf/install/easy/share/easy/config/pilz_cartesian_limits.yaml
[0.672s] -- Up-to-date symlink: /urdf/install/easy/share/easy/.setup_assistant
[0.673s] Invoked command in '/urdf/build/easy' returned '0': CMAKE_PREFIX_PATH=${CMAKE_PREFIX_PATH}:/opt/ros/jazzy /usr/bin/cmake --install /urdf/build/easy
