[0.011s] Invoking command in '/urdf/build/easy': CMAKE_PREFIX_PATH=${CMAKE_PREFIX_PATH}:/opt/ros/jazzy /usr/bin/cmake /urdf -DAMENT_CMAKE_SYMLINK_INSTALL=1 -DCMAKE_INSTALL_PREFIX=/urdf/install/easy
[0.134s] -- The C compiler identification is GNU 13.3.0
[0.249s] -- The CXX compiler identification is GNU 13.3.0
[0.267s] -- Detecting C compiler ABI info
[0.364s] -- Detecting C compiler ABI info - done
[0.372s] -- Check for working C compiler: /usr/bin/cc - skipped
[0.373s] -- Detecting C compile features
[0.373s] -- Detecting C compile features - done
[0.382s] -- Detecting CXX compiler ABI info
[0.495s] -- Detecting CXX compiler ABI info - done
[0.503s] -- Check for working CXX compiler: /usr/bin/c++ - skipped
[0.504s] -- Detecting CXX compile features
[0.504s] -- Detecting CXX compile features - done
[0.513s] -- Found ament_cmake: 2.5.5 (/opt/ros/jazzy/share/ament_cmake/cmake)
[0.666s] -- Found Python3: /usr/bin/python3 (found version "3.12.3") found components: Interpreter 
[0.743s] -- Override CMake install command with custom implementation using symlinks instead of copying resources
[0.903s] -- Configuring done (0.9s)
[0.907s] -- Generating done (0.0s)
[0.907s] -- Build files have been written to: /urdf/build/easy
[0.912s] Invoked command in '/urdf/build/easy' returned '0': CMAKE_PREFIX_PATH=${CMAKE_PREFIX_PATH}:/opt/ros/jazzy /usr/bin/cmake /urdf -DAMENT_CMAKE_SYMLINK_INSTALL=1 -DCMAKE_INSTALL_PREFIX=/urdf/install/easy
[0.914s] Invoking command in '/urdf/build/easy': CMAKE_PREFIX_PATH=${CMAKE_PREFIX_PATH}:/opt/ros/jazzy /usr/bin/cmake --build /urdf/build/easy -- -j8 -l8
[0.952s] Invoked command in '/urdf/build/easy' returned '0': CMAKE_PREFIX_PATH=${CMAKE_PREFIX_PATH}:/opt/ros/jazzy /usr/bin/cmake --build /urdf/build/easy -- -j8 -l8
[0.960s] Invoking command in '/urdf/build/easy': CMAKE_PREFIX_PATH=${CMAKE_PREFIX_PATH}:/opt/ros/jazzy /usr/bin/cmake --install /urdf/build/easy
[0.970s] -- Install configuration: ""
[0.970s] -- Execute custom install script
[0.971s] -- Symlinking: /urdf/install/easy/share/ament_index/resource_index/package_run_dependencies/easy
[0.977s] -- Symlinking: /urdf/install/easy/share/ament_index/resource_index/parent_prefix_path/easy
[0.986s] -- Symlinking: /urdf/install/easy/share/easy/environment/ament_prefix_path.sh
[0.994s] -- Symlinking: /urdf/install/easy/share/easy/environment/ament_prefix_path.dsv
[1.006s] -- Symlinking: /urdf/install/easy/share/easy/environment/path.sh
[1.017s] -- Symlinking: /urdf/install/easy/share/easy/environment/path.dsv
[1.026s] -- Symlinking: /urdf/install/easy/share/easy/local_setup.bash
[1.036s] -- Symlinking: /urdf/install/easy/share/easy/local_setup.sh
[1.044s] -- Symlinking: /urdf/install/easy/share/easy/local_setup.zsh
[1.053s] -- Symlinking: /urdf/install/easy/share/easy/local_setup.dsv
[1.061s] -- Symlinking: /urdf/install/easy/share/easy/package.dsv
[1.072s] -- Symlinking: /urdf/install/easy/share/ament_index/resource_index/packages/easy
[1.083s] -- Symlinking: /urdf/install/easy/share/easy/cmake/easyConfig.cmake
[1.092s] -- Symlinking: /urdf/install/easy/share/easy/cmake/easyConfig-version.cmake
[1.103s] -- Symlinking: /urdf/install/easy/share/easy/package.xml
[1.113s] -- Symlinking: /urdf/install/easy/share/easy/launch/__pycache__/demo.launch.cpython-312.pyc
[1.120s] -- Symlinking: /urdf/install/easy/share/easy/launch/__pycache__/move_group.launch.cpython-312.pyc
[1.133s] -- Symlinking: /urdf/install/easy/share/easy/launch/__pycache__/moveit_rviz.launch.cpython-312.pyc
[1.147s] -- Symlinking: /urdf/install/easy/share/easy/launch/__pycache__/rsp.launch.cpython-312.pyc
[1.156s] -- Symlinking: /urdf/install/easy/share/easy/launch/__pycache__/spawn_controllers.launch.cpython-312.pyc
[1.167s] -- Symlinking: /urdf/install/easy/share/easy/launch/__pycache__/static_virtual_joint_tfs.launch.cpython-312.pyc
[1.176s] -- Symlinking: /urdf/install/easy/share/easy/launch/__pycache__/warehouse_db.launch.cpython-312.pyc
[1.186s] -- Symlinking: /urdf/install/easy/share/easy/launch/demo.launch.py
[1.196s] -- Symlinking: /urdf/install/easy/share/easy/launch/move_group.launch.py
[1.205s] -- Symlinking: /urdf/install/easy/share/easy/launch/move_group.launch.py-jj
[1.214s] -- Symlinking: /urdf/install/easy/share/easy/launch/move_group.launch.py-old
[1.222s] -- Symlinking: /urdf/install/easy/share/easy/launch/moveit_rviz.launch.py
[1.233s] -- Symlinking: /urdf/install/easy/share/easy/launch/rsp.launch.py
[1.242s] -- Symlinking: /urdf/install/easy/share/easy/launch/setup_assistant.launch.py
[1.251s] -- Symlinking: /urdf/install/easy/share/easy/launch/spawn_controllers.launch.py
[1.262s] -- Symlinking: /urdf/install/easy/share/easy/launch/static_virtual_joint_tfs.launch.py
[1.271s] -- Symlinking: /urdf/install/easy/share/easy/launch/warehouse_db.launch.py
[1.279s] [31mCMake Error at ament_cmake_symlink_install/ament_cmake_symlink_install.cmake:105 (message):
[1.279s]   ament_cmake_symlink_install_directory() can't find '/urdf/config'
[1.279s] Call Stack (most recent call first):
[1.279s]   ament_cmake_symlink_install/ament_cmake_symlink_install.cmake:364 (ament_cmake_symlink_install_directory)
[1.279s]   cmake_install.cmake:46 (include)
[1.279s] 
[1.279s] [0m
[1.280s] Invoked command in '/urdf/build/easy' returned '1': CMAKE_PREFIX_PATH=${CMAKE_PREFIX_PATH}:/opt/ros/jazzy /usr/bin/cmake --install /urdf/build/easy
