[0.022s] Invoking command in '/urdf/build/easy': CMAKE_PREFIX_PATH=${CMAKE_PREFIX_PATH}:/opt/ros/jazzy /usr/bin/cmake --build /urdf/build/easy -- -j8 -l8
[0.070s] Invoked command in '/urdf/build/easy' returned '0': CMAKE_PREFIX_PATH=${CMAKE_PREFIX_PATH}:/opt/ros/jazzy /usr/bin/cmake --build /urdf/build/easy -- -j8 -l8
[0.081s] Invoking command in '/urdf/build/easy': CMAKE_PREFIX_PATH=${CMAKE_PREFIX_PATH}:/opt/ros/jazzy /usr/bin/cmake --install /urdf/build/easy
[0.089s] -- Install configuration: ""
[0.090s] -- Execute custom install script
[0.090s] -- Up-to-date symlink: /urdf/install/easy/share/ament_index/resource_index/package_run_dependencies/easy
[0.090s] -- Up-to-date symlink: /urdf/install/easy/share/ament_index/resource_index/parent_prefix_path/easy
[0.090s] -- Up-to-date symlink: /urdf/install/easy/share/easy/environment/ament_prefix_path.sh
[0.090s] -- Up-to-date symlink: /urdf/install/easy/share/easy/environment/ament_prefix_path.dsv
[0.091s] -- Up-to-date symlink: /urdf/install/easy/share/easy/environment/path.sh
[0.091s] -- Up-to-date symlink: /urdf/install/easy/share/easy/environment/path.dsv
[0.091s] -- Up-to-date symlink: /urdf/install/easy/share/easy/local_setup.bash
[0.091s] -- Up-to-date symlink: /urdf/install/easy/share/easy/local_setup.sh
[0.091s] -- Up-to-date symlink: /urdf/install/easy/share/easy/local_setup.zsh
[0.091s] -- Up-to-date symlink: /urdf/install/easy/share/easy/local_setup.dsv
[0.092s] -- Symlinking: /urdf/install/easy/share/easy/package.dsv
[0.102s] -- Up-to-date symlink: /urdf/install/easy/share/ament_index/resource_index/packages/easy
[0.103s] -- Up-to-date symlink: /urdf/install/easy/share/easy/cmake/easyConfig.cmake
[0.103s] -- Up-to-date symlink: /urdf/install/easy/share/easy/cmake/easyConfig-version.cmake
[0.103s] -- Up-to-date symlink: /urdf/install/easy/share/easy/package.xml
[0.105s] [33mCMake Warning (dev) at ament_cmake_symlink_install/ament_cmake_symlink_install.cmake:67 (file):
[0.105s]   Policy CMP0009 is not set: FILE GLOB_RECURSE calls should not follow
[0.105s]   symlinks by default.  Run "cmake --help-policy CMP0009" for policy details.
[0.105s]   Use the cmake_policy command to set the policy and suppress this warning.
[0.105s] Call Stack (most recent call first):
[0.106s]   ament_cmake_symlink_install/ament_cmake_symlink_install.cmake:361 (ament_cmake_symlink_install_directory)
[0.106s]   cmake_install.cmake:46 (include)
[0.106s] This warning is for project developers.  Use -Wno-dev to suppress it.
[0.106s] [0m
[0.106s] -- Symlinking: /urdf/install/easy/share/easy/launch/__pycache__/demo.launch.cpython-312.pyc
[0.106s] [33mCMake Warning (dev) at ament_cmake_symlink_install/ament_cmake_symlink_install.cmake:78 (file):
[0.107s]   Policy CMP0009 is not set: FILE GLOB_RECURSE calls should not follow
[0.107s]   symlinks by default.  Run "cmake --help-policy CMP0009" for policy details.
[0.107s]   Use the cmake_policy command to set the policy and suppress this warning.
[0.107s] Call Stack (most recent call first):
[0.107s]   ament_cmake_symlink_install/ament_cmake_symlink_install.cmake:361 (ament_cmake_symlink_install_directory)
[0.107s]   cmake_install.cmake:46 (include)
[0.107s] This warning is for project developers.  Use -Wno-dev to suppress it.
[0.108s] [0m
[0.120s] -- Up-to-date symlink: /urdf/install/easy/share/easy/launch/__pycache__/move_group.launch.cpython-312.pyc
[0.120s] -- Up-to-date symlink: /urdf/install/easy/share/easy/launch/__pycache__/moveit_rviz.launch.cpython-312.pyc
[0.120s] -- Up-to-date symlink: /urdf/install/easy/share/easy/launch/__pycache__/rsp.launch.cpython-312.pyc
[0.120s] -- Up-to-date symlink: /urdf/install/easy/share/easy/launch/__pycache__/spawn_controllers.launch.cpython-312.pyc
[0.120s] -- Up-to-date symlink: /urdf/install/easy/share/easy/launch/__pycache__/static_virtual_joint_tfs.launch.cpython-312.pyc
[0.120s] -- Up-to-date symlink: /urdf/install/easy/share/easy/launch/__pycache__/warehouse_db.launch.cpython-312.pyc
[0.121s] -- Up-to-date symlink: /urdf/install/easy/share/easy/launch/build/.built_by
[0.121s] -- Up-to-date symlink: /urdf/install/easy/share/easy/launch/build/COLCON_IGNORE
[0.121s] -- Up-to-date symlink: /urdf/install/easy/share/easy/launch/demo.launch.py
[0.121s] -- Up-to-date symlink: /urdf/install/easy/share/easy/launch/demo.launch.py-corrected
[0.121s] -- Up-to-date symlink: /urdf/install/easy/share/easy/launch/demo.launch.py-old
[0.122s] -- Up-to-date symlink: /urdf/install/easy/share/easy/launch/install/.colcon_install_layout
[0.122s] -- Up-to-date symlink: /urdf/install/easy/share/easy/launch/install/COLCON_IGNORE
[0.122s] -- Up-to-date symlink: /urdf/install/easy/share/easy/launch/install/_local_setup_util_ps1.py
[0.122s] -- Up-to-date symlink: /urdf/install/easy/share/easy/launch/install/_local_setup_util_sh.py
[0.122s] -- Up-to-date symlink: /urdf/install/easy/share/easy/launch/install/local_setup.bash
[0.122s] -- Up-to-date symlink: /urdf/install/easy/share/easy/launch/install/local_setup.ps1
[0.123s] -- Up-to-date symlink: /urdf/install/easy/share/easy/launch/install/local_setup.sh
[0.123s] -- Up-to-date symlink: /urdf/install/easy/share/easy/launch/install/local_setup.zsh
[0.123s] -- Up-to-date symlink: /urdf/install/easy/share/easy/launch/install/setup.bash
[0.123s] -- Up-to-date symlink: /urdf/install/easy/share/easy/launch/install/setup.ps1
[0.123s] -- Up-to-date symlink: /urdf/install/easy/share/easy/launch/install/setup.sh
[0.123s] -- Up-to-date symlink: /urdf/install/easy/share/easy/launch/install/setup.zsh
[0.123s] -- Up-to-date symlink: /urdf/install/easy/share/easy/launch/joint_command_bridge.py
[0.124s] -- Up-to-date symlink: /urdf/install/easy/share/easy/launch/log/COLCON_IGNORE
[0.124s] -- Up-to-date symlink: /urdf/install/easy/share/easy/launch/log/build_2026-05-22_13-07-04/events.log
[0.124s] -- Up-to-date symlink: /urdf/install/easy/share/easy/launch/log/build_2026-05-22_13-07-04/logger_all.log
[0.124s] -- Up-to-date symlink: /urdf/install/easy/share/easy/launch/log/build_2026-05-22_16-45-04/events.log
[0.124s] -- Up-to-date symlink: /urdf/install/easy/share/easy/launch/log/build_2026-05-22_16-45-04/logger_all.log
[0.125s] -- Up-to-date symlink: /urdf/install/easy/share/easy/launch/log/latest/events.log
[0.125s] -- Up-to-date symlink: /urdf/install/easy/share/easy/launch/log/latest/logger_all.log
[0.125s] -- Up-to-date symlink: /urdf/install/easy/share/easy/launch/log/latest_build/events.log
[0.125s] -- Up-to-date symlink: /urdf/install/easy/share/easy/launch/log/latest_build/logger_all.log
[0.125s] -- Up-to-date symlink: /urdf/install/easy/share/easy/launch/move_group.launch.py
[0.125s] -- Up-to-date symlink: /urdf/install/easy/share/easy/launch/moveit_rviz.launch.py
[0.125s] -- Up-to-date symlink: /urdf/install/easy/share/easy/launch/rsp.launch.py
[0.126s] -- Up-to-date symlink: /urdf/install/easy/share/easy/launch/setup_assistant.launch.py
[0.126s] -- Up-to-date symlink: /urdf/install/easy/share/easy/launch/spawn_controllers.launch.py
[0.126s] -- Up-to-date symlink: /urdf/install/easy/share/easy/launch/static_virtual_joint_tfs.launch.py
[0.126s] -- Up-to-date symlink: /urdf/install/easy/share/easy/launch/warehouse_db.launch.py
[0.126s] -- Up-to-date symlink: /urdf/install/easy/share/easy/config/controllers.yaml
[0.126s] -- Up-to-date symlink: /urdf/install/easy/share/easy/config/ebamk2.ros2_control.xacro
[0.127s] -- Up-to-date symlink: /urdf/install/easy/share/easy/config/ebamk2.ros2_control.xacro-old
[0.127s] -- Up-to-date symlink: /urdf/install/easy/share/easy/config/ebamk2.ros2_control.xacro-real-robot-hardware
[0.127s] -- Up-to-date symlink: /urdf/install/easy/share/easy/config/ebamk2.ros2_control.xacro-recent
[0.127s] -- Up-to-date symlink: /urdf/install/easy/share/easy/config/ebamk2.srdf
[0.127s] -- Up-to-date symlink: /urdf/install/easy/share/easy/config/ebamk2.srdf-old
[0.127s] -- Up-to-date symlink: /urdf/install/easy/share/easy/config/ebamk2.urdf.xacro
[0.127s] -- Up-to-date symlink: /urdf/install/easy/share/easy/config/ebamk2_mesh.urdf
[0.127s] -- Up-to-date symlink: /urdf/install/easy/share/easy/config/initial_positions.yaml
[0.128s] -- Up-to-date symlink: /urdf/install/easy/share/easy/config/joint_limits.yaml
[0.128s] -- Up-to-date symlink: /urdf/install/easy/share/easy/config/kinematics.yaml
[0.128s] -- Up-to-date symlink: /urdf/install/easy/share/easy/config/moveit.rviz
[0.128s] -- Up-to-date symlink: /urdf/install/easy/share/easy/config/moveit_controllers.yaml
[0.128s] -- Up-to-date symlink: /urdf/install/easy/share/easy/config/moveit_controllers.yaml-old
[0.128s] -- Up-to-date symlink: /urdf/install/easy/share/easy/config/ompl_planning.yaml
[0.128s] -- Up-to-date symlink: /urdf/install/easy/share/easy/config/pilz_cartesian_limits.yaml
[0.128s] -- Up-to-date symlink: /urdf/install/easy/share/easy/config/ros2_controllers.yaml
[0.129s] -- Up-to-date symlink: /urdf/install/easy/share/easy/.setup_assistant
[0.131s] Invoked command in '/urdf/build/easy' returned '0': CMAKE_PREFIX_PATH=${CMAKE_PREFIX_PATH}:/opt/ros/jazzy /usr/bin/cmake --install /urdf/build/easy
