[0.009s] Invoking command in '/urdf/build/easy': CMAKE_PREFIX_PATH=${CMAKE_PREFIX_PATH}:/opt/ros/jazzy /usr/bin/cmake /urdf -DCMAKE_INSTALL_PREFIX=/urdf/install/easy
[0.054s] -- The C compiler identification is GNU 13.3.0
[0.096s] -- The CXX compiler identification is GNU 13.3.0
[0.108s] -- Detecting C compiler ABI info
[0.182s] -- Detecting C compiler ABI info - done
[0.189s] -- Check for working C compiler: /usr/bin/cc - skipped
[0.189s] -- Detecting C compile features
[0.190s] -- Detecting C compile features - done
[0.198s] -- Detecting CXX compiler ABI info
[0.292s] -- Detecting CXX compiler ABI info - done
[0.299s] -- Check for working CXX compiler: /usr/bin/c++ - skipped
[0.299s] -- Detecting CXX compile features
[0.299s] -- Detecting CXX compile features - done
[0.304s] -- Found ament_cmake: 2.5.5 (/opt/ros/jazzy/share/ament_cmake/cmake)
[0.412s] -- Found Python3: /usr/bin/python3 (found version "3.12.3") found components: Interpreter 
[0.576s] -- Configuring done (0.6s)
[0.577s] -- Generating done (0.0s)
[0.578s] -- Build files have been written to: /urdf/build/easy
[0.582s] Invoked command in '/urdf/build/easy' returned '0': CMAKE_PREFIX_PATH=${CMAKE_PREFIX_PATH}:/opt/ros/jazzy /usr/bin/cmake /urdf -DCMAKE_INSTALL_PREFIX=/urdf/install/easy
[0.582s] Invoking command in '/urdf/build/easy': CMAKE_PREFIX_PATH=${CMAKE_PREFIX_PATH}:/opt/ros/jazzy /usr/bin/cmake --build /urdf/build/easy -- -j8 -l8
[0.612s] Invoked command in '/urdf/build/easy' returned '0': CMAKE_PREFIX_PATH=${CMAKE_PREFIX_PATH}:/opt/ros/jazzy /usr/bin/cmake --build /urdf/build/easy -- -j8 -l8
[0.619s] Invoking command in '/urdf/build/easy': CMAKE_PREFIX_PATH=${CMAKE_PREFIX_PATH}:/opt/ros/jazzy /usr/bin/cmake --install /urdf/build/easy
[0.625s] -- Install configuration: ""
[0.625s] -- Installing: /urdf/install/easy/share/ament_index/resource_index/package_run_dependencies/easy
[0.625s] -- Installing: /urdf/install/easy/share/ament_index/resource_index/parent_prefix_path/easy
[0.625s] -- Installing: /urdf/install/easy/share/easy/environment/ament_prefix_path.sh
[0.625s] -- Installing: /urdf/install/easy/share/easy/environment/ament_prefix_path.dsv
[0.626s] -- Installing: /urdf/install/easy/share/easy/environment/path.sh
[0.626s] -- Installing: /urdf/install/easy/share/easy/environment/path.dsv
[0.626s] -- Installing: /urdf/install/easy/share/easy/local_setup.bash
[0.626s] -- Installing: /urdf/install/easy/share/easy/local_setup.sh
[0.626s] -- Installing: /urdf/install/easy/share/easy/local_setup.zsh
[0.626s] -- Installing: /urdf/install/easy/share/easy/local_setup.dsv
[0.626s] -- Installing: /urdf/install/easy/share/easy/package.dsv
[0.626s] -- Installing: /urdf/install/easy/share/ament_index/resource_index/packages/easy
[0.626s] -- Installing: /urdf/install/easy/share/easy/cmake/easyConfig.cmake
[0.626s] -- Installing: /urdf/install/easy/share/easy/cmake/easyConfig-version.cmake
[0.627s] -- Installing: /urdf/install/easy/share/easy/package.xml
[0.627s] -- Installing: /urdf/install/easy/share/easy/launch
[0.627s] -- Installing: /urdf/install/easy/share/easy/launch/moveit_rviz.launch.py
[0.627s] -- Installing: /urdf/install/easy/share/easy/launch/demo.launch.py
[0.627s] -- Installing: /urdf/install/easy/share/easy/launch/spawn_controllers.launch.py
[0.627s] -- Installing: /urdf/install/easy/share/easy/launch/static_virtual_joint_tfs.launch.py
[0.627s] -- Installing: /urdf/install/easy/share/easy/launch/move_group.launch.py-old
[0.627s] -- Installing: /urdf/install/easy/share/easy/launch/move_group.launch.py
[0.627s] -- Installing: /urdf/install/easy/share/easy/launch/rsp.launch.py
[0.627s] -- Installing: /urdf/install/easy/share/easy/launch/setup_assistant.launch.py
[0.627s] -- Installing: /urdf/install/easy/share/easy/launch/warehouse_db.launch.py
[0.627s] -- Installing: /urdf/install/easy/share/easy/launch/__pycache__
[0.627s] -- Installing: /urdf/install/easy/share/easy/launch/__pycache__/static_virtual_joint_tfs.launch.cpython-312.pyc
[0.627s] -- Installing: /urdf/install/easy/share/easy/launch/__pycache__/warehouse_db.launch.cpython-312.pyc
[0.628s] -- Installing: /urdf/install/easy/share/easy/launch/__pycache__/move_group.launch.cpython-312.pyc
[0.628s] -- Installing: /urdf/install/easy/share/easy/launch/__pycache__/rsp.launch.cpython-312.pyc
[0.628s] -- Installing: /urdf/install/easy/share/easy/launch/__pycache__/spawn_controllers.launch.cpython-312.pyc
[0.628s] -- Installing: /urdf/install/easy/share/easy/launch/__pycache__/demo.launch.cpython-312.pyc
[0.628s] -- Installing: /urdf/install/easy/share/easy/launch/__pycache__/moveit_rviz.launch.cpython-312.pyc
[0.628s] [31mCMake Error at cmake_install.cmake:109 (file):
[0.628s]   file INSTALL cannot find "/urdf/config": No such file or directory.
[0.628s] 
[0.628s] [0m
[0.629s] Invoked command in '/urdf/build/easy' returned '1': CMAKE_PREFIX_PATH=${CMAKE_PREFIX_PATH}:/opt/ros/jazzy /usr/bin/cmake --install /urdf/build/easy
