[0.012s] Invoking command in '/urdf/build/easy': CMAKE_PREFIX_PATH=${CMAKE_PREFIX_PATH}:/opt/ros/jazzy /usr/bin/cmake /urdf -DCMAKE_INSTALL_PREFIX=/urdf/install/easy
[0.024s] -- Found ament_cmake: 2.5.5 (/opt/ros/jazzy/share/ament_cmake/cmake)
[0.212s] -- Override CMake install command with custom implementation using symlinks instead of copying resources
[0.303s] -- Configuring done (0.3s)
[0.306s] -- Generating done (0.0s)
[0.307s] -- Build files have been written to: /urdf/build/easy
[0.310s] Invoked command in '/urdf/build/easy' returned '0': CMAKE_PREFIX_PATH=${CMAKE_PREFIX_PATH}:/opt/ros/jazzy /usr/bin/cmake /urdf -DCMAKE_INSTALL_PREFIX=/urdf/install/easy
[0.311s] Invoking command in '/urdf/build/easy': CMAKE_PREFIX_PATH=${CMAKE_PREFIX_PATH}:/opt/ros/jazzy /usr/bin/cmake --build /urdf/build/easy -- -j8 -l8
[0.350s] Invoked command in '/urdf/build/easy' returned '0': CMAKE_PREFIX_PATH=${CMAKE_PREFIX_PATH}:/opt/ros/jazzy /usr/bin/cmake --build /urdf/build/easy -- -j8 -l8
[0.363s] Invoking command in '/urdf/build/easy': CMAKE_PREFIX_PATH=${CMAKE_PREFIX_PATH}:/opt/ros/jazzy /usr/bin/cmake --install /urdf/build/easy
[0.369s] -- Install configuration: ""
[0.370s] -- Execute custom install script
[0.371s] -- Up-to-date symlink: /urdf/install/easy/share/ament_index/resource_index/package_run_dependencies/easy
[0.371s] -- Up-to-date symlink: /urdf/install/easy/share/ament_index/resource_index/parent_prefix_path/easy
[0.371s] -- Up-to-date symlink: /urdf/install/easy/share/easy/environment/ament_prefix_path.sh
[0.371s] -- Up-to-date symlink: /urdf/install/easy/share/easy/environment/ament_prefix_path.dsv
[0.371s] -- Up-to-date symlink: /urdf/install/easy/share/easy/environment/path.sh
[0.372s] -- Up-to-date symlink: /urdf/install/easy/share/easy/environment/path.dsv
[0.372s] -- Up-to-date symlink: /urdf/install/easy/share/easy/local_setup.bash
[0.372s] -- Up-to-date symlink: /urdf/install/easy/share/easy/local_setup.sh
[0.373s] -- Up-to-date symlink: /urdf/install/easy/share/easy/local_setup.zsh
[0.373s] -- Up-to-date symlink: /urdf/install/easy/share/easy/local_setup.dsv
[0.373s] -- Symlinking: /urdf/install/easy/share/easy/package.dsv
[0.384s] -- Up-to-date symlink: /urdf/install/easy/share/ament_index/resource_index/packages/easy
[0.384s] -- Up-to-date symlink: /urdf/install/easy/share/easy/cmake/easyConfig.cmake
[0.384s] -- Up-to-date symlink: /urdf/install/easy/share/easy/cmake/easyConfig-version.cmake
[0.384s] -- Up-to-date symlink: /urdf/install/easy/share/easy/package.xml
[0.385s] -- Up-to-date symlink: /urdf/install/easy/share/easy/launch/__pycache__/demo.launch.cpython-312.pyc
[0.385s] -- Up-to-date symlink: /urdf/install/easy/share/easy/launch/__pycache__/move_group.launch.cpython-312.pyc
[0.385s] -- Up-to-date symlink: /urdf/install/easy/share/easy/launch/__pycache__/moveit_rviz.launch.cpython-312.pyc
[0.385s] -- Up-to-date symlink: /urdf/install/easy/share/easy/launch/__pycache__/rsp.launch.cpython-312.pyc
[0.385s] -- Up-to-date symlink: /urdf/install/easy/share/easy/launch/__pycache__/spawn_controllers.launch.cpython-312.pyc
[0.385s] -- Up-to-date symlink: /urdf/install/easy/share/easy/launch/__pycache__/static_virtual_joint_tfs.launch.cpython-312.pyc
[0.385s] -- Up-to-date symlink: /urdf/install/easy/share/easy/launch/__pycache__/warehouse_db.launch.cpython-312.pyc
[0.386s] -- Up-to-date symlink: /urdf/install/easy/share/easy/launch/demo.launch.py
[0.386s] -- Up-to-date symlink: /urdf/install/easy/share/easy/launch/move_group.launch.py
[0.386s] -- Up-to-date symlink: /urdf/install/easy/share/easy/launch/move_group.launch.py-jj
[0.386s] -- Up-to-date symlink: /urdf/install/easy/share/easy/launch/move_group.launch.py-old
[0.386s] -- Up-to-date symlink: /urdf/install/easy/share/easy/launch/moveit_rviz.launch.py
[0.386s] -- Up-to-date symlink: /urdf/install/easy/share/easy/launch/rsp.launch.py
[0.386s] -- Up-to-date symlink: /urdf/install/easy/share/easy/launch/setup_assistant.launch.py
[0.386s] -- Up-to-date symlink: /urdf/install/easy/share/easy/launch/spawn_controllers.launch.py
[0.386s] -- Up-to-date symlink: /urdf/install/easy/share/easy/launch/static_virtual_joint_tfs.launch.py
[0.386s] -- Up-to-date symlink: /urdf/install/easy/share/easy/launch/warehouse_db.launch.py
[0.387s] [31mCMake Error at ament_cmake_symlink_install/ament_cmake_symlink_install.cmake:105 (message):
[0.387s]   ament_cmake_symlink_install_directory() can't find '/urdf/config'
[0.387s] Call Stack (most recent call first):
[0.387s]   ament_cmake_symlink_install/ament_cmake_symlink_install.cmake:364 (ament_cmake_symlink_install_directory)
[0.387s]   cmake_install.cmake:46 (include)
[0.387s] 
[0.387s] [0m
[0.389s] Invoked command in '/urdf/build/easy' returned '1': CMAKE_PREFIX_PATH=${CMAKE_PREFIX_PATH}:/opt/ros/jazzy /usr/bin/cmake --install /urdf/build/easy
