[0.008s] Invoking command in '/urdf/build/easy': CMAKE_PREFIX_PATH=${CMAKE_PREFIX_PATH}:/opt/ros/jazzy /usr/bin/cmake /urdf -DCMAKE_INSTALL_PREFIX=/urdf/install/easy
[0.049s] -- The C compiler identification is GNU 13.3.0
[0.092s] -- The CXX compiler identification is GNU 13.3.0
[0.102s] -- Detecting C compiler ABI info
[0.177s] -- Detecting C compiler ABI info - done
[0.184s] -- Check for working C compiler: /usr/bin/cc - skipped
[0.184s] -- Detecting C compile features
[0.184s] -- Detecting C compile features - done
[0.191s] -- Detecting CXX compiler ABI info
[0.261s] -- Detecting CXX compiler ABI info - done
[0.267s] -- Check for working CXX compiler: /usr/bin/c++ - skipped
[0.268s] -- Detecting CXX compile features
[0.268s] -- Detecting CXX compile features - done
[0.271s] -- Found ament_cmake: 2.5.5 (/opt/ros/jazzy/share/ament_cmake/cmake)
[0.366s] -- Found Python3: /usr/bin/python3 (found version "3.12.3") found components: Interpreter 
[0.511s] -- Configuring done (0.5s)
[0.516s] -- Generating done (0.0s)
[0.517s] -- Build files have been written to: /urdf/build/easy
[0.521s] Invoked command in '/urdf/build/easy' returned '0': CMAKE_PREFIX_PATH=${CMAKE_PREFIX_PATH}:/opt/ros/jazzy /usr/bin/cmake /urdf -DCMAKE_INSTALL_PREFIX=/urdf/install/easy
[0.521s] Invoking command in '/urdf/build/easy': CMAKE_PREFIX_PATH=${CMAKE_PREFIX_PATH}:/opt/ros/jazzy /usr/bin/cmake --build /urdf/build/easy -- -j8 -l8
[0.547s] Invoked command in '/urdf/build/easy' returned '0': CMAKE_PREFIX_PATH=${CMAKE_PREFIX_PATH}:/opt/ros/jazzy /usr/bin/cmake --build /urdf/build/easy -- -j8 -l8
[0.553s] Invoking command in '/urdf/build/easy': CMAKE_PREFIX_PATH=${CMAKE_PREFIX_PATH}:/opt/ros/jazzy /usr/bin/cmake --install /urdf/build/easy
[0.558s] -- Install configuration: ""
[0.558s] -- Installing: /urdf/install/easy/share/easy/package.dsv
[0.559s] -- Up-to-date: /urdf/install/easy/share/easy/launch
[0.559s] -- Up-to-date: /urdf/install/easy/share/easy/launch/__pycache__
[0.559s] -- Up-to-date: /urdf/install/easy/share/easy/config
[0.560s] Invoked command in '/urdf/build/easy' returned '0': CMAKE_PREFIX_PATH=${CMAKE_PREFIX_PATH}:/opt/ros/jazzy /usr/bin/cmake --install /urdf/build/easy
