[0.150s] DEBUG:colcon:Command line arguments: ['/usr/bin/colcon', 'build', '--symlink-install']
[0.150s] DEBUG:colcon:Parsed command line arguments: Namespace(log_base=None, log_level=None, verb_name='build', build_base='build', install_base='install', merge_install=False, symlink_install=True, test_result_base=None, continue_on_error=False, executor='parallel', parallel_workers=8, event_handlers=None, ignore_user_meta=False, metas=['./colcon.meta'], base_paths=['.'], packages_ignore=None, packages_ignore_regex=None, paths=None, packages_up_to=None, packages_up_to_regex=None, packages_above=None, packages_above_and_dependencies=None, packages_above_depth=None, packages_select_by_dep=None, packages_skip_by_dep=None, packages_skip_up_to=None, packages_select_build_failed=False, packages_skip_build_finished=False, packages_select_test_failures=False, packages_skip_test_passed=False, packages_select=None, packages_skip=None, packages_select_regex=None, packages_skip_regex=None, packages_start=None, packages_end=None, cmake_args=None, cmake_target=None, cmake_target_skip_unavailable=False, cmake_clean_cache=False, cmake_clean_first=False, cmake_force_configure=False, ament_cmake_args=None, catkin_cmake_args=None, catkin_skip_building_tests=False, mixin_files=None, mixin=None, verb_parser=<colcon_mixin.mixin.mixin_argument.MixinArgumentDecorator object at 0x7c4b5d687b60>, verb_extension=<colcon_core.verb.build.BuildVerb object at 0x7c4b5d519b80>, main=<bound method BuildVerb.main of <colcon_core.verb.build.BuildVerb object at 0x7c4b5d519b80>>, mixin_verb=('build',))
[0.202s] Level 1:colcon.colcon_core.package_discovery:discover_packages(colcon_meta) check parameters
[0.203s] INFO:colcon.colcon_metadata.package_discovery.colcon_meta:Using configuration from '/root/.colcon/metadata/default/Gazebo.meta'
[0.203s] INFO:colcon.colcon_metadata.package_discovery.colcon_meta:Using configuration from '/root/.colcon/metadata/default/fastdds.meta'
[0.203s] INFO:colcon.colcon_metadata.package_discovery.colcon_meta:Using configuration from '/root/.colcon/metadata/default/fastrtps.meta'
[0.204s] Level 1:colcon.colcon_core.package_discovery:discover_packages(recursive) check parameters
[0.204s] Level 1:colcon.colcon_core.package_discovery:discover_packages(ignore) check parameters
[0.204s] Level 1:colcon.colcon_core.package_discovery:discover_packages(path) check parameters
[0.204s] Level 1:colcon.colcon_core.package_discovery:discover_packages(colcon_meta) discover
[0.204s] Level 1:colcon.colcon_core.package_discovery:discover_packages(recursive) discover
[0.204s] INFO:colcon.colcon_core.package_discovery:Crawling recursively for packages in '/urdf'
[0.204s] Level 1:colcon.colcon_core.package_identification:_identify(.) by extensions ['ignore', 'ignore_ament_install']
[0.204s] Level 1:colcon.colcon_core.package_identification:_identify(.) by extension 'ignore'
[0.204s] Level 1:colcon.colcon_core.package_identification:_identify(.) by extension 'ignore_ament_install'
[0.204s] Level 1:colcon.colcon_core.package_identification:_identify(.) by extensions ['colcon_pkg']
[0.204s] Level 1:colcon.colcon_core.package_identification:_identify(.) by extension 'colcon_pkg'
[0.204s] Level 1:colcon.colcon_core.package_identification:_identify(.) by extensions ['colcon_meta']
[0.204s] Level 1:colcon.colcon_core.package_identification:_identify(.) by extension 'colcon_meta'
[0.204s] Level 1:colcon.colcon_core.package_identification:_identify(.) by extensions ['ros']
[0.204s] Level 1:colcon.colcon_core.package_identification:_identify(.) by extension 'ros'
[0.235s] DEBUG:colcon.colcon_core.package_identification:Package '.' with type 'ros.ament_cmake' and name 'easy'
[0.235s] Level 1:colcon.colcon_core.package_discovery:discover_packages(recursive) using defaults
[0.235s] Level 1:colcon.colcon_core.package_discovery:discover_packages(ignore) discover
[0.235s] Level 1:colcon.colcon_core.package_discovery:discover_packages(ignore) using defaults
[0.235s] Level 1:colcon.colcon_core.package_discovery:discover_packages(path) discover
[0.235s] Level 1:colcon.colcon_core.package_discovery:discover_packages(path) using defaults
[0.259s] Level 5:colcon.colcon_core.verb:set package 'easy' build argument 'cmake_args' from command line to 'None'
[0.260s] Level 5:colcon.colcon_core.verb:set package 'easy' build argument 'cmake_target' from command line to 'None'
[0.260s] Level 5:colcon.colcon_core.verb:set package 'easy' build argument 'cmake_target_skip_unavailable' from command line to 'False'
[0.260s] Level 5:colcon.colcon_core.verb:set package 'easy' build argument 'cmake_clean_cache' from command line to 'False'
[0.260s] Level 5:colcon.colcon_core.verb:set package 'easy' build argument 'cmake_clean_first' from command line to 'False'
[0.260s] Level 5:colcon.colcon_core.verb:set package 'easy' build argument 'cmake_force_configure' from command line to 'False'
[0.260s] Level 5:colcon.colcon_core.verb:set package 'easy' build argument 'ament_cmake_args' from command line to 'None'
[0.260s] Level 5:colcon.colcon_core.verb:set package 'easy' build argument 'catkin_cmake_args' from command line to 'None'
[0.260s] Level 5:colcon.colcon_core.verb:set package 'easy' build argument 'catkin_skip_building_tests' from command line to 'False'
[0.260s] DEBUG:colcon.colcon_core.verb:Building package 'easy' with the following arguments: {'ament_cmake_args': None, 'build_base': '/urdf/build/easy', 'catkin_cmake_args': None, 'catkin_skip_building_tests': False, 'cmake_args': None, 'cmake_clean_cache': False, 'cmake_clean_first': False, 'cmake_force_configure': False, 'cmake_target': None, 'cmake_target_skip_unavailable': False, 'install_base': '/urdf/install/easy', 'merge_install': False, 'path': '/urdf', 'symlink_install': True, 'test_result_base': None}
[0.260s] INFO:colcon.colcon_core.executor:Executing jobs using 'parallel' executor
[0.261s] DEBUG:colcon.colcon_parallel_executor.executor.parallel:run_until_complete
[0.261s] INFO:colcon.colcon_ros.task.ament_cmake.build:Building ROS package in '/urdf' with build type 'ament_cmake'
[0.261s] INFO:colcon.colcon_cmake.task.cmake.build:Building CMake package in '/urdf'
[0.266s] INFO:colcon.colcon_core.plugin_system:Skipping extension 'colcon_core.shell.bat': Not used on non-Windows systems
[0.266s] INFO:colcon.colcon_core.shell:Skip shell extension 'powershell' for command environment: Not usable outside of PowerShell
[0.266s] DEBUG:colcon.colcon_core.shell:Skip shell extension 'dsv' for command environment
[0.283s] DEBUG:colcon.colcon_core.event_handler.log_command:Invoking command in '/urdf/build/easy': CMAKE_PREFIX_PATH=${CMAKE_PREFIX_PATH}:/opt/ros/jazzy /usr/bin/cmake --build /urdf/build/easy -- -j8 -l8
[0.372s] DEBUG:colcon.colcon_core.event_handler.log_command:Invoked command in '/urdf/build/easy' returned '0': CMAKE_PREFIX_PATH=${CMAKE_PREFIX_PATH}:/opt/ros/jazzy /usr/bin/cmake --build /urdf/build/easy -- -j8 -l8
[0.387s] DEBUG:colcon.colcon_core.event_handler.log_command:Invoking command in '/urdf/build/easy': CMAKE_PREFIX_PATH=${CMAKE_PREFIX_PATH}:/opt/ros/jazzy /usr/bin/cmake --install /urdf/build/easy
[0.440s] Level 1:colcon.colcon_core.environment:create_environment_scripts_only(easy)
[0.440s] DEBUG:colcon.colcon_core.event_handler.log_command:Invoked command in '/urdf/build/easy' returned '0': CMAKE_PREFIX_PATH=${CMAKE_PREFIX_PATH}:/opt/ros/jazzy /usr/bin/cmake --install /urdf/build/easy
[0.444s] Level 1:colcon.colcon_core.environment:checking '/urdf/install/easy' for CMake module files
[0.445s] Level 1:colcon.colcon_core.environment:checking '/urdf/install/easy' for CMake config files
[0.445s] Level 1:colcon.colcon_core.shell:create_environment_hook('easy', 'cmake_prefix_path')
[0.445s] INFO:colcon.colcon_core.shell:Creating environment hook '/urdf/install/easy/share/easy/hook/cmake_prefix_path.ps1'
[0.446s] INFO:colcon.colcon_core.shell:Creating environment descriptor '/urdf/install/easy/share/easy/hook/cmake_prefix_path.dsv'
[0.447s] INFO:colcon.colcon_core.shell:Creating environment hook '/urdf/install/easy/share/easy/hook/cmake_prefix_path.sh'
[0.448s] Level 1:colcon.colcon_core.environment:checking '/urdf/install/easy/bin'
[0.448s] Level 1:colcon.colcon_core.environment:checking '/urdf/install/easy/lib/pkgconfig/easy.pc'
[0.451s] Level 1:colcon.colcon_core.environment:checking '/urdf/install/easy/lib/python3.12/site-packages'
[0.451s] Level 1:colcon.colcon_core.environment:checking '/urdf/install/easy/bin'
[0.452s] INFO:colcon.colcon_core.shell:Creating package script '/urdf/install/easy/share/easy/package.ps1'
[0.453s] INFO:colcon.colcon_core.shell:Creating package descriptor '/urdf/install/easy/share/easy/package.dsv'
[0.453s] INFO:colcon.colcon_core.shell:Creating package script '/urdf/install/easy/share/easy/package.sh'
[0.454s] INFO:colcon.colcon_core.shell:Creating package script '/urdf/install/easy/share/easy/package.bash'
[0.455s] INFO:colcon.colcon_core.shell:Creating package script '/urdf/install/easy/share/easy/package.zsh'
[0.455s] Level 1:colcon.colcon_core.environment:create_file_with_runtime_dependencies(/urdf/install/easy/share/colcon-core/packages/easy)
[0.456s] Level 1:colcon.colcon_core.environment:create_environment_scripts_only(easy)
[0.456s] Level 1:colcon.colcon_core.environment:checking '/urdf/install/easy' for CMake module files
[0.457s] Level 1:colcon.colcon_core.environment:checking '/urdf/install/easy' for CMake config files
[0.457s] Level 1:colcon.colcon_core.shell:create_environment_hook('easy', 'cmake_prefix_path')
[0.457s] INFO:colcon.colcon_core.shell:Creating environment hook '/urdf/install/easy/share/easy/hook/cmake_prefix_path.ps1'
[0.457s] INFO:colcon.colcon_core.shell:Creating environment descriptor '/urdf/install/easy/share/easy/hook/cmake_prefix_path.dsv'
[0.458s] INFO:colcon.colcon_core.shell:Creating environment hook '/urdf/install/easy/share/easy/hook/cmake_prefix_path.sh'
[0.458s] Level 1:colcon.colcon_core.environment:checking '/urdf/install/easy/bin'
[0.458s] Level 1:colcon.colcon_core.environment:checking '/urdf/install/easy/lib/pkgconfig/easy.pc'
[0.459s] Level 1:colcon.colcon_core.environment:checking '/urdf/install/easy/lib/python3.12/site-packages'
[0.459s] Level 1:colcon.colcon_core.environment:checking '/urdf/install/easy/bin'
[0.459s] INFO:colcon.colcon_core.shell:Creating package script '/urdf/install/easy/share/easy/package.ps1'
[0.459s] INFO:colcon.colcon_core.shell:Creating package descriptor '/urdf/install/easy/share/easy/package.dsv'
[0.460s] INFO:colcon.colcon_core.shell:Creating package script '/urdf/install/easy/share/easy/package.sh'
[0.460s] INFO:colcon.colcon_core.shell:Creating package script '/urdf/install/easy/share/easy/package.bash'
[0.461s] INFO:colcon.colcon_core.shell:Creating package script '/urdf/install/easy/share/easy/package.zsh'
[0.461s] Level 1:colcon.colcon_core.environment:create_file_with_runtime_dependencies(/urdf/install/easy/share/colcon-core/packages/easy)
[0.462s] DEBUG:colcon.colcon_parallel_executor.executor.parallel:closing loop
[0.462s] DEBUG:colcon.colcon_parallel_executor.executor.parallel:loop closed
[0.462s] DEBUG:colcon.colcon_parallel_executor.executor.parallel:run_until_complete finished with '0'
[0.462s] DEBUG:colcon.colcon_core.event_reactor:joining thread
[0.472s] INFO:colcon.colcon_core.plugin_system:Skipping extension 'colcon_notification.desktop_notification.notify_send': Could not find 'notify-send'
[0.473s] INFO:colcon.colcon_core.plugin_system:Skipping extension 'colcon_notification.desktop_notification.terminal_notifier': Not used on non-Darwin systems
[0.473s] INFO:colcon.colcon_core.plugin_system:Skipping extension 'colcon_notification.desktop_notification.win32': Not used on non-Windows systems
[0.473s] INFO:colcon.colcon_notification.desktop_notification:Sending desktop notification using 'notify2'
[0.473s] DEBUG:colcon.colcon_notification.desktop_notification.notify2:Failed to initialize notify2: org.freedesktop.DBus.Error.InvalidFileContent: D-Bus library appears to be incorrectly set up: see the manual page for dbus-uuidgen to correct this issue. (Failed to open "/var/lib/dbus/machine-id": No such file or directory; UUID file '/etc/machine-id' should contain a hex string of length 32, not length 0, with no other text)
[0.473s] DEBUG:colcon.colcon_core.event_reactor:joined thread
[0.473s] INFO:colcon.colcon_core.shell:Creating prefix script '/urdf/install/local_setup.ps1'
[0.475s] INFO:colcon.colcon_core.shell:Creating prefix util module '/urdf/install/_local_setup_util_ps1.py'
[0.478s] INFO:colcon.colcon_core.shell:Creating prefix chain script '/urdf/install/setup.ps1'
[0.480s] INFO:colcon.colcon_core.shell:Creating prefix script '/urdf/install/local_setup.sh'
[0.482s] INFO:colcon.colcon_core.shell:Creating prefix util module '/urdf/install/_local_setup_util_sh.py'
[0.483s] INFO:colcon.colcon_core.shell:Creating prefix chain script '/urdf/install/setup.sh'
[0.485s] INFO:colcon.colcon_core.shell:Creating prefix script '/urdf/install/local_setup.bash'
[0.486s] INFO:colcon.colcon_core.shell:Creating prefix chain script '/urdf/install/setup.bash'
[0.488s] INFO:colcon.colcon_core.shell:Creating prefix script '/urdf/install/local_setup.zsh'
[0.489s] INFO:colcon.colcon_core.shell:Creating prefix chain script '/urdf/install/setup.zsh'
