[0.012s] Invoking command in '/urdf/build/easy': CMAKE_PREFIX_PATH=${CMAKE_PREFIX_PATH}:/opt/ros/jazzy /usr/bin/cmake /urdf -DCMAKE_INSTALL_PREFIX=/urdf/install/easy
[0.076s] -- The C compiler identification is GNU 13.3.0
[0.140s] -- The CXX compiler identification is GNU 13.3.0
[0.156s] -- Detecting C compiler ABI info
[0.249s] -- Detecting C compiler ABI info - done
[0.259s] -- Check for working C compiler: /usr/bin/cc - skipped
[0.259s] -- Detecting C compile features
[0.259s] -- Detecting C compile features - done
[0.270s] -- Detecting CXX compiler ABI info
[0.388s] -- Detecting CXX compiler ABI info - done
[0.399s] -- Check for working CXX compiler: /usr/bin/c++ - skipped
[0.399s] -- Detecting CXX compile features
[0.399s] -- Detecting CXX compile features - done
[0.404s] -- Found ament_cmake: 2.5.5 (/opt/ros/jazzy/share/ament_cmake/cmake)
[0.558s] -- Found Python3: /usr/bin/python3 (found version "3.12.3") found components: Interpreter 
[0.804s] -- Configuring done (0.8s)
[0.804s] -- Generating done (0.0s)
[0.805s] -- Build files have been written to: /urdf/build/easy
[0.814s] Invoked command in '/urdf/build/easy' returned '0': CMAKE_PREFIX_PATH=${CMAKE_PREFIX_PATH}:/opt/ros/jazzy /usr/bin/cmake /urdf -DCMAKE_INSTALL_PREFIX=/urdf/install/easy
[0.816s] Invoking command in '/urdf/build/easy': CMAKE_PREFIX_PATH=${CMAKE_PREFIX_PATH}:/opt/ros/jazzy /usr/bin/cmake --build /urdf/build/easy -- -j8 -l8
[0.857s] Invoked command in '/urdf/build/easy' returned '0': CMAKE_PREFIX_PATH=${CMAKE_PREFIX_PATH}:/opt/ros/jazzy /usr/bin/cmake --build /urdf/build/easy -- -j8 -l8
[0.870s] Invoking command in '/urdf/build/easy': CMAKE_PREFIX_PATH=${CMAKE_PREFIX_PATH}:/opt/ros/jazzy /usr/bin/cmake --install /urdf/build/easy
[0.880s] -- Install configuration: ""
[0.880s] -- Installing: /urdf/install/easy/share/ament_index/resource_index/package_run_dependencies/easy
[0.880s] -- Installing: /urdf/install/easy/share/ament_index/resource_index/parent_prefix_path/easy
[0.880s] -- Installing: /urdf/install/easy/share/easy/environment/ament_prefix_path.sh
[0.881s] -- Installing: /urdf/install/easy/share/easy/environment/ament_prefix_path.dsv
[0.881s] -- Installing: /urdf/install/easy/share/easy/environment/path.sh
[0.881s] -- Installing: /urdf/install/easy/share/easy/environment/path.dsv
[0.881s] -- Installing: /urdf/install/easy/share/easy/local_setup.bash
[0.881s] -- Installing: /urdf/install/easy/share/easy/local_setup.sh
[0.881s] -- Installing: /urdf/install/easy/share/easy/local_setup.zsh
[0.881s] -- Installing: /urdf/install/easy/share/easy/local_setup.dsv
[0.881s] -- Installing: /urdf/install/easy/share/easy/package.dsv
[0.881s] -- Installing: /urdf/install/easy/share/ament_index/resource_index/packages/easy
[0.881s] -- Installing: /urdf/install/easy/share/easy/cmake/easyConfig.cmake
[0.881s] -- Installing: /urdf/install/easy/share/easy/cmake/easyConfig-version.cmake
[0.881s] -- Installing: /urdf/install/easy/share/easy/package.xml
[0.881s] -- Installing: /urdf/install/easy/share/easy/launch
[0.881s] -- Installing: /urdf/install/easy/share/easy/launch/moveit_rviz.launch.py
[0.882s] -- Installing: /urdf/install/easy/share/easy/launch/move_group.launch.py-jj
[0.882s] -- Installing: /urdf/install/easy/share/easy/launch/demo.launch.py
[0.882s] -- Installing: /urdf/install/easy/share/easy/launch/spawn_controllers.launch.py
[0.882s] -- Installing: /urdf/install/easy/share/easy/launch/static_virtual_joint_tfs.launch.py
[0.882s] -- Installing: /urdf/install/easy/share/easy/launch/move_group.launch.py-old
[0.882s] -- Installing: /urdf/install/easy/share/easy/launch/move_group.launch.py
[0.882s] -- Installing: /urdf/install/easy/share/easy/launch/rsp.launch.py
[0.882s] -- Installing: /urdf/install/easy/share/easy/launch/setup_assistant.launch.py
[0.882s] -- Installing: /urdf/install/easy/share/easy/launch/warehouse_db.launch.py
[0.882s] -- Installing: /urdf/install/easy/share/easy/launch/__pycache__
[0.882s] -- Installing: /urdf/install/easy/share/easy/launch/__pycache__/static_virtual_joint_tfs.launch.cpython-312.pyc
[0.882s] -- Installing: /urdf/install/easy/share/easy/launch/__pycache__/warehouse_db.launch.cpython-312.pyc
[0.882s] -- Installing: /urdf/install/easy/share/easy/launch/__pycache__/move_group.launch.cpython-312.pyc
[0.882s] -- Installing: /urdf/install/easy/share/easy/launch/__pycache__/rsp.launch.cpython-312.pyc
[0.882s] -- Installing: /urdf/install/easy/share/easy/launch/__pycache__/spawn_controllers.launch.cpython-312.pyc
[0.882s] -- Installing: /urdf/install/easy/share/easy/launch/__pycache__/demo.launch.cpython-312.pyc
[0.882s] -- Installing: /urdf/install/easy/share/easy/launch/__pycache__/moveit_rviz.launch.cpython-312.pyc
[0.882s] -- Installing: /urdf/install/easy/share/easy/config
[0.883s] -- Installing: /urdf/install/easy/share/easy/config/kinematics.yaml
[0.883s] -- Installing: /urdf/install/easy/share/easy/config/ompl_planning.yaml
[0.883s] -- Installing: /urdf/install/easy/share/easy/config/ebamk2.urdf.xacro
[0.883s] -- Installing: /urdf/install/easy/share/easy/config/initial_positions.yaml
[0.883s] -- Installing: /urdf/install/easy/share/easy/config/joint_limits.yaml
[0.883s] -- Installing: /urdf/install/easy/share/easy/config/moveit.rviz
[0.883s] -- Installing: /urdf/install/easy/share/easy/config/ebamk2.ros2_control.xacro
[0.883s] -- Installing: /urdf/install/easy/share/easy/config/ebamk2.srdf
[0.883s] -- Installing: /urdf/install/easy/share/easy/config/pilz_cartesian_limits.yaml
[0.883s] -- Installing: /urdf/install/easy/share/easy/.setup_assistant
[0.884s] Invoked command in '/urdf/build/easy' returned '0': CMAKE_PREFIX_PATH=${CMAKE_PREFIX_PATH}:/opt/ros/jazzy /usr/bin/cmake --install /urdf/build/easy
