[0.011s] Invoking command in '/urdf/build/easy': CMAKE_PREFIX_PATH=${CMAKE_PREFIX_PATH}:/opt/ros/jazzy /usr/bin/cmake /urdf -DCMAKE_INSTALL_PREFIX=/urdf/install/easy
[0.062s] -- The C compiler identification is GNU 13.3.0
[0.115s] -- The CXX compiler identification is GNU 13.3.0
[0.128s] -- Detecting C compiler ABI info
[0.223s] -- Detecting C compiler ABI info - done
[0.238s] -- Check for working C compiler: /usr/bin/cc - skipped
[0.238s] -- Detecting C compile features
[0.238s] -- Detecting C compile features - done
[0.249s] -- Detecting CXX compiler ABI info
[0.352s] -- Detecting CXX compiler ABI info - done
[0.361s] -- Check for working CXX compiler: /usr/bin/c++ - skipped
[0.361s] -- Detecting CXX compile features
[0.362s] -- Detecting CXX compile features - done
[0.367s] -- Found ament_cmake: 2.5.5 (/opt/ros/jazzy/share/ament_cmake/cmake)
[0.509s] -- Found Python3: /usr/bin/python3 (found version "3.12.3") found components: Interpreter 
[0.737s] -- Configuring done (0.7s)
[0.744s] -- Generating done (0.0s)
[0.744s] -- Build files have been written to: /urdf/build/easy
[0.750s] Invoked command in '/urdf/build/easy' returned '0': CMAKE_PREFIX_PATH=${CMAKE_PREFIX_PATH}:/opt/ros/jazzy /usr/bin/cmake /urdf -DCMAKE_INSTALL_PREFIX=/urdf/install/easy
[0.751s] Invoking command in '/urdf/build/easy': CMAKE_PREFIX_PATH=${CMAKE_PREFIX_PATH}:/opt/ros/jazzy /usr/bin/cmake --build /urdf/build/easy -- -j8 -l8
[0.794s] Invoked command in '/urdf/build/easy' returned '0': CMAKE_PREFIX_PATH=${CMAKE_PREFIX_PATH}:/opt/ros/jazzy /usr/bin/cmake --build /urdf/build/easy -- -j8 -l8
[0.804s] Invoking command in '/urdf/build/easy': CMAKE_PREFIX_PATH=${CMAKE_PREFIX_PATH}:/opt/ros/jazzy /usr/bin/cmake --install /urdf/build/easy
[0.813s] -- Install configuration: ""
[0.813s] -- Installing: /urdf/install/easy/share/ament_index/resource_index/package_run_dependencies/easy
[0.813s] -- Installing: /urdf/install/easy/share/ament_index/resource_index/parent_prefix_path/easy
[0.814s] -- Installing: /urdf/install/easy/share/easy/environment/ament_prefix_path.sh
[0.814s] -- Installing: /urdf/install/easy/share/easy/environment/ament_prefix_path.dsv
[0.814s] -- Installing: /urdf/install/easy/share/easy/environment/path.sh
[0.814s] -- Installing: /urdf/install/easy/share/easy/environment/path.dsv
[0.814s] -- Installing: /urdf/install/easy/share/easy/local_setup.bash
[0.814s] -- Installing: /urdf/install/easy/share/easy/local_setup.sh
[0.814s] -- Installing: /urdf/install/easy/share/easy/local_setup.zsh
[0.814s] -- Installing: /urdf/install/easy/share/easy/local_setup.dsv
[0.814s] -- Installing: /urdf/install/easy/share/easy/package.dsv
[0.815s] -- Installing: /urdf/install/easy/share/ament_index/resource_index/packages/easy
[0.815s] -- Installing: /urdf/install/easy/share/easy/cmake/easyConfig.cmake
[0.815s] -- Installing: /urdf/install/easy/share/easy/cmake/easyConfig-version.cmake
[0.815s] -- Installing: /urdf/install/easy/share/easy/package.xml
[0.815s] -- Installing: /urdf/install/easy/share/easy/launch
[0.815s] -- Installing: /urdf/install/easy/share/easy/launch/moveit_rviz.launch.py
[0.815s] -- Installing: /urdf/install/easy/share/easy/launch/move_group.launch.py-jj
[0.815s] -- Installing: /urdf/install/easy/share/easy/launch/demo.launch.py
[0.815s] -- Installing: /urdf/install/easy/share/easy/launch/spawn_controllers.launch.py
[0.815s] -- Installing: /urdf/install/easy/share/easy/launch/static_virtual_joint_tfs.launch.py
[0.815s] -- Installing: /urdf/install/easy/share/easy/launch/move_group.launch.py-old
[0.816s] -- Installing: /urdf/install/easy/share/easy/launch/move_group.launch.py
[0.816s] -- Installing: /urdf/install/easy/share/easy/launch/rsp.launch.py
[0.816s] -- Installing: /urdf/install/easy/share/easy/launch/setup_assistant.launch.py
[0.817s] -- Installing: /urdf/install/easy/share/easy/launch/warehouse_db.launch.py
[0.817s] -- Installing: /urdf/install/easy/share/easy/launch/__pycache__
[0.817s] -- Installing: /urdf/install/easy/share/easy/launch/__pycache__/static_virtual_joint_tfs.launch.cpython-312.pyc
[0.817s] -- Installing: /urdf/install/easy/share/easy/launch/__pycache__/warehouse_db.launch.cpython-312.pyc
[0.817s] -- Installing: /urdf/install/easy/share/easy/launch/__pycache__/move_group.launch.cpython-312.pyc
[0.817s] -- Installing: /urdf/install/easy/share/easy/launch/__pycache__/rsp.launch.cpython-312.pyc
[0.817s] -- Installing: /urdf/install/easy/share/easy/launch/__pycache__/spawn_controllers.launch.cpython-312.pyc
[0.817s] -- Installing: /urdf/install/easy/share/easy/launch/__pycache__/demo.launch.cpython-312.pyc
[0.817s] -- Installing: /urdf/install/easy/share/easy/launch/__pycache__/moveit_rviz.launch.cpython-312.pyc
[0.818s] [31mCMake Error at cmake_install.cmake:109 (file):
[0.818s]   file INSTALL cannot find "/urdf/config": No such file or directory.
[0.818s] 
[0.818s] [0m
[0.819s] Invoked command in '/urdf/build/easy' returned '1': CMAKE_PREFIX_PATH=${CMAKE_PREFIX_PATH}:/opt/ros/jazzy /usr/bin/cmake --install /urdf/build/easy
